2024-04-07T09:23:03+00:00 ERROR Error getting data feed
2024-04-07T09:23:03+00:00 ERROR WP_Error Object
(
    [errors] => Array
        (
            [http_request_failed] => Array
                (
                    [0] => cURL error 28: Operation timed out after 5011 milliseconds with 0 bytes received
                )

        )

    [error_data] => Array
        (
        )

    [additional_data:protected] => Array
        (
        )

)

2024-04-07T14:57:36+00:00 ERROR Error getting data feed
2024-04-07T14:57:36+00:00 ERROR WP_Error Object
(
    [errors] => Array
        (
            [http_request_failed] => Array
                (
                    [0] => cURL error 28: Operation timed out after 5007 milliseconds with 0 bytes received
                )

        )

    [error_data] => Array
        (
        )

    [additional_data:protected] => Array
        (
        )

)

